        -:    0:Source:cardtest1.c
        -:    0:Graph:cardtest1.gcno
        -:    0:Data:cardtest1.gcda
        -:    0:Runs:1
        -:    0:Programs:1
        -:    1:/*
        -:    2: * cardtest4.c
        -:    3: *
        -:    4: 
        -:    5: */
        -:    6:
        -:    7:/*
        -:    8: * Include the following lines in your makefile:
        -:    9: *
        -:   10: * cardtest4: cardtest4.c dominion.o rngs.o
        -:   11: *      gcc -o cardtest1 -g  cardtest4.c dominion.o rngs.o $(CFLAGS)
        -:   12: */
        -:   13:
        -:   14:
        -:   15:#include "dominion.h"
        -:   16:#include "dominion_helpers.h"
        -:   17:#include <string.h>
        -:   18:#include <stdio.h>
        -:   19:#include <assert.h>
        -:   20:#include "rngs.h"
        -:   21:#include <stdlib.h>
        -:   22:
        -:   23:#define TESTCARD "adventurer"
        -:   24:
function main called 1 returned 100% blocks executed 65%
        1:   25:int main() {
        1:   26:    int newCards = 0;
        1:   27:    int discarded = 1;
        1:   28:    int xtraCoins = 0;
        1:   29:    int shuffledCards = 0;
        1:   30:    int xtraActions=0;
        -:   31:    int i, j, m;
        1:   32:    int handpos = 0, choice1 = 0, choice2 = 0, choice3 = 0, bonus = 0;
        -:   33:    int remove1, remove2;
        1:   34:    int seed = 1000;
        1:   35:    int numPlayers = 2;
        1:   36:    int thisPlayer = 0;
        -:   37:	struct gameState G, testG;
        1:   38:	int k[10] = {adventurer, embargo, village, minion, mine, cutpurse,
        -:   39:			sea_hag, tribute, smithy, council_room};
        -:   40:
        -:   41:	// initialize a game state and player cards
        1:   42:	initializeGame(numPlayers, k, seed, &G);
call    0 returned 100%
        -:   43:
        1:   44:	printf("----------------- Testing Card: %s ----------------\n", TESTCARD);
call    0 returned 100%
        -:   45:
        -:   46:	// ----------- TEST 1: choice1 = 1 = +2 cards --------------
        1:   47:	printf("TEST 1:+2 cards; variable discard\n");
call    0 returned 100%
        -:   48:
        -:   49:	// copy the game state to a test case
        1:   50:	memcpy(&testG, &G, sizeof(struct gameState));
        1:   51:	choice1 = 0;
        1:   52:	cardEffect(adventurer, choice1, choice2, choice3, &testG, handpos, &bonus);
call    0 returned 100%
        -:   53:
        1:   54:	newCards = 2;
        1:   55:	xtraCoins = 0;
        1:   56:    xtraActions=0;
        1:   57:    discarded=testG.discardCount[thisPlayer]-G.discardCount[thisPlayer];
        1:   58:        printf("discarded = %d\n",discarded);
call    0 returned 100%
        1:   59:	printf("hand count = %d, expected = %d\n", testG.handCount[thisPlayer], G.handCount[thisPlayer] + newCards - discarded);
call    0 returned 100%
        1:   60:	printf("deck count = %d, expected = %d\n", testG.deckCount[thisPlayer], G.deckCount[thisPlayer] - newCards + shuffledCards);
call    0 returned 100%
        1:   61:	printf("coins = %d, expected = %d\n", testG.coins, G.coins + xtraCoins);
call    0 returned 100%
        1:   62:    printf("actions = %d, expected = %d\n", testG.numActions, G.numActions + xtraActions);
call    0 returned 100%
        1:   63:	assert(testG.handCount[thisPlayer] == G.handCount[thisPlayer] + newCards - discarded);
branch  0 taken 0% (fallthrough)
branch  1 taken 100%
call    2 never executed
        1:   64:	assert(testG.deckCount[thisPlayer] == G.deckCount[thisPlayer] - newCards + shuffledCards);
branch  0 taken 0% (fallthrough)
branch  1 taken 100%
call    2 never executed
        1:   65:	assert(testG.coins == G.coins + xtraCoins);
branch  0 taken 0% (fallthrough)
branch  1 taken 100%
call    2 never executed
        1:   66:    assert(testG.numActions==G.numActions + xtraActions);
branch  0 taken 0% (fallthrough)
branch  1 taken 100%
call    2 never executed
        -:   67:    
        -:   68:    //test new cards in discard pile aren't treasure
        -:   69:    int cardDrawn;
        1:   70:    for(i=testG.discardCount[thisPlayer]-1; i>G.discardCount[thisPlayer];i--)
branch  0 taken 0%
branch  1 taken 100% (fallthrough)
        -:   71:    {
    #####:   72:        cardDrawn =testG.hand[thisPlayer][i];
    #####:   73:        assert(cardDrawn != copper || cardDrawn != silver || cardDrawn != gold);
branch  0 never executed
branch  1 never executed
branch  2 never executed
branch  3 never executed
branch  4 never executed
branch  5 never executed
call    6 never executed
        -:   74:    }
        -:   75:
        1:   76:	return 0;
        -:   77:    
        -:   78:    printf("\n >>>>> SUCCESS: Testing complete %s <<<<<\n\n", TESTCARD);
        -:   79:}
