        -:    0:Source:testVillage.c
        -:    0:Graph:testVillage.gcno
        -:    0:Data:testVillage.gcda
        -:    0:Runs:1
        -:    0:Programs:1
        -:    1:/*
        -:    2: * cardtest4.c
        -:    3: *
        -:    4: 
        -:    5: */
        -:    6:
        -:    7:/*
        -:    8: * Include the following lines in your makefile:
        -:    9: *
        -:   10: * cardtest4: cardtest4.c dominion.o rngs.o
        -:   11: *      gcc -o cardtest1 -g  cardtest4.c dominion.o rngs.o $(CFLAGS)
        -:   12: */
        -:   13:
        -:   14:
        -:   15:#include "dominion.h"
        -:   16:#include "dominion_helpers.h"
        -:   17:#include <string.h>
        -:   18:#include <stdio.h>
        -:   19:#include <assert.h>
        -:   20:#include "rngs.h"
        -:   21:#include <stdlib.h>
        -:   22:
        -:   23:#define TESTCARD "village"
        -:   24:
function main called 1 returned 100% blocks executed 78%
        1:   25:int main() {
        1:   26:    int newCards = 0;
        1:   27:    int discarded = 0;
        1:   28:    int xtraCoins = 0;
        1:   29:    int shuffledCards = 0;
        1:   30:    int xtraActions=0;	
        -:   31:
        -:   32:    int i, j, m;
        1:   33:    int handpos = 0, choice1 = 0, choice2 = 0, choice3 = 0, bonus = 0;
        -:   34:    int remove1, remove2;
        1:   35:    int seed = 1000;
        1:   36:    int numPlayers = 2;
        1:   37:    int thisPlayer = 0;
        -:   38:	struct gameState G, testG;
        1:   39:	int k[10] = {adventurer, embargo, village, minion, mine, cutpurse,
        -:   40:			sea_hag, tribute, smithy, council_room};
        -:   41:
        -:   42:	// initialize a game state and player cards
        1:   43:	initializeGame(numPlayers, k, seed, &G);
call    0 returned 100%
        -:   44:
        1:   45:	printf("----------------- Testing Card: %s ----------------\n", TESTCARD);
call    0 returned 100%
        -:   46:
        -:   47:	// ----------- TEST 1: choice1 = 1 = +2 cards --------------
        1:   48:	printf("TEST 1: +1 card, +1 discard, +2 actions\n");
call    0 returned 100%
        -:   49:
        -:   50:
        -:   51:	// copy the game state to a test case
        1:   52:	memcpy(&testG, &G, sizeof(struct gameState));
        1:   53:	choice1 = 1;
        1:   54:	cardEffect(village, choice1, choice2, choice3, &testG, handpos, &bonus);
call    0 returned 100%
        -:   55:
        1:   56:	newCards = 1;
        1:   57:	xtraCoins = 0;
        1:   58:    xtraActions=2;
        1:   59:    discarded=1;
        -:   60:    
        1:   61:	printf("hand count = %d, expected = %d\n", testG.handCount[thisPlayer], G.handCount[thisPlayer] + newCards - discarded);
call    0 returned 100%
        1:   62:	printf("deck count = %d, expected = %d\n", testG.deckCount[thisPlayer], G.deckCount[thisPlayer] - newCards + shuffledCards);
call    0 returned 100%
        1:   63:	printf("coins = %d, expected = %d\n", testG.coins, G.coins + xtraCoins);
call    0 returned 100%
        1:   64:    printf("actions = %d, expected = %d\n", testG.numActions, G.numActions + xtraActions);
call    0 returned 100%
        1:   65:	assert(testG.handCount[thisPlayer] == G.handCount[thisPlayer] + newCards - discarded);
branch  0 taken 0% (fallthrough)
branch  1 taken 100%
call    2 never executed
        1:   66:	assert(testG.deckCount[thisPlayer] == G.deckCount[thisPlayer] - newCards + shuffledCards);
branch  0 taken 0% (fallthrough)
branch  1 taken 100%
call    2 never executed
        1:   67:	assert(testG.coins == G.coins + xtraCoins);
branch  0 taken 0% (fallthrough)
branch  1 taken 100%
call    2 never executed
        1:   68:    assert(testG.numActions==G.numActions + xtraActions);
branch  0 taken 0% (fallthrough)
branch  1 taken 100%
call    2 never executed
        -:   69:
        1:   70:	return 0;
        -:   71:    
        -:   72:    printf("\n >>>>> SUCCESS: Testing complete %s <<<<<\n\n", TESTCARD);
        -:   73:}
