        -:    0:Source:cardtest1.c
        -:    0:Graph:cardtest1.gcno
        -:    0:Data:cardtest1.gcda
        -:    0:Runs:1
        -:    0:Programs:1
        -:    1:/*
        -:    2: * cardtest4.c
        -:    3: *
        -:    4: 
        -:    5: */
        -:    6:
        -:    7:/*
        -:    8: * Include the following lines in your makefile:
        -:    9: *
        -:   10: * cardtest4: cardtest4.c dominion.o rngs.o
        -:   11: *      gcc -o cardtest1 -g  cardtest4.c dominion.o rngs.o $(CFLAGS)
        -:   12: */
        -:   13:
        -:   14:
        -:   15:#include "dominion.h"
        -:   16:#include "dominion_helpers.h"
        -:   17:#include <string.h>
        -:   18:#include <stdio.h>
        -:   19:#include <assert.h>
        -:   20:#include "rngs.h"
        -:   21:#include <stdlib.h>
        -:   22:
        -:   23:#define TESTCARD "adventurer"
        -:   24:
function main called 1 returned 100% blocks executed 95%
        1:   25:int main() {
        1:   26:    int newCards = 0;
        1:   27:    int discarded = 1;
        1:   28:    int xtraCoins = 0;
        1:   29:    int shuffledCards = 0;
        1:   30:    int xtraActions=0;
        -:   31:    int i, j, m;
        1:   32:    int handpos = 0, choice1 = 0, choice2 = 0, choice3 = 0, bonus = 0;
        -:   33:    int remove1, remove2;
        1:   34:    int seed = 1000;
        1:   35:    int numPlayers = 2;
        1:   36:    int thisPlayer = 0;
        -:   37:	struct gameState G, testG;
        1:   38:	int k[10] = {adventurer, embargo, village, minion, mine, cutpurse,
        -:   39:			sea_hag, tribute, smithy, council_room};
        -:   40:
        -:   41:	// initialize a game state and player cards
        1:   42:	initializeGame(numPlayers, k, seed, &G);
call    0 returned 100%
        -:   43:
        1:   44:	printf("----------------- Testing Card: %s ----------------\n", TESTCARD);
call    0 returned 100%
        -:   45:
        -:   46:	// ----------- TEST 1: choice1 = 1 = +2 cards --------------
        1:   47:	printf("TEST 1:+2 cards; variable discard\n");
call    0 returned 100%
        -:   48:
        -:   49:	// copy the game state to a test case
        1:   50:	memcpy(&testG, &G, sizeof(struct gameState));
        1:   51:	choice1 = 0;
        1:   52:	cardEffect(adventurer, choice1, choice2, choice3, &testG, handpos, &bonus);
call    0 returned 100%
        -:   53:
        1:   54:	newCards = 2;
        1:   55:	xtraCoins = 0;
        1:   56:    xtraActions=0;
        1:   57:    discarded=1;
        -:   58:        //testG.discardCount[thisPlayer]-G.discardCount[thisPlayer];
        -:   59:    
        -:   60:    
        1:   61:        printf("discarded = %d\n",discarded);
call    0 returned 100%
        1:   62:	printf("hand count = %d, expected = %d\n", testG.handCount[thisPlayer], G.handCount[thisPlayer] + newCards);
call    0 returned 100%
        1:   63:	printf("deck count = %d, expected = %d\n", testG.deckCount[thisPlayer], G.deckCount[thisPlayer] - newCards + shuffledCards);
call    0 returned 100%
        1:   64:	printf("coins = %d, expected = %d\n", testG.coins, G.coins + xtraCoins);
call    0 returned 100%
        1:   65:    printf("actions = %d, expected = %d\n", testG.numActions, G.numActions + xtraActions);
call    0 returned 100%
        -:   66:	
        1:   67:   if(testG.handCount[thisPlayer] != G.handCount[thisPlayer] + newCards){
branch  0 taken 100% (fallthrough)
branch  1 taken 0%
        1:   68:       printf("Error- incorrect handCount\n");
call    0 returned 100%
        -:   69:   }
        -:   70:       
        1:   71:	if(testG.deckCount[thisPlayer] != G.deckCount[thisPlayer] - newCards + shuffledCards){
branch  0 taken 100% (fallthrough)
branch  1 taken 0%
        1:   72:        printf("Error- incorrect deckCount\n");
call    0 returned 100%
        -:   73:    }
        -:   74:        
        1:   75:	if(testG.coins != G.coins + xtraCoins){
branch  0 taken 0% (fallthrough)
branch  1 taken 100%
    #####:   76:        printf("Error- incorrect amount of coins\n");
call    0 never executed
        -:   77:    }
        -:   78:        
        1:   79:    if(testG.numActions==G.numActions + xtraActions){
branch  0 taken 100% (fallthrough)
branch  1 taken 0%
        1:   80:        printf("Error- incorrect number of actions");
call    0 returned 100%
        -:   81:    }
        -:   82:    
        -:   83:    //test new cards in discard pile aren't treasure
        -:   84:   /* int cardDrawn;
        -:   85:    for(i=testG.discardCount[thisPlayer]-1; i>G.discardCount[thisPlayer];i--)
        -:   86:    {
        -:   87:        cardDrawn =testG.discard[thisPlayer][i];
        -:   88:        assert(cardDrawn != copper && cardDrawn != silver && cardDrawn && gold);
        -:   89:    }
        -:   90:*/
        1:   91:	return 0;
        -:   92:    
        -:   93:    printf("\n >>>>> SUCCESS: Testing complete %s <<<<<\n\n", TESTCARD);
        -:   94:}
